<?xml version="1.0" encoding="UTF-8"?>
<!-- Generated by org.testng.reporters.JUnitReportReporter -->
<testsuite skipped="0" hostname="DESKTOP-P8ENVL2" name="com.practise.SeleniumTest.Sampletest" tests="1" failures="0" timestamp="24 Sep 2020 09:04:12 GMT" time="33.272" errors="0">
  <testcase name="TestMethod" time="33.272" classname="com.practise.SeleniumTest.Sampletest"/>
</testsuite> <!-- com.practise.SeleniumTest.Sampletest -->
